\BOOKMARK [0][-]{chapter.1}{\376\377\173\054\116\000\172\340\000\040\000\040\176\352\213\272}{}% 1
\BOOKMARK [1][-]{section.1.1}{\376\377\0001\000.\0001\000\040\170\301\140\254\155\156\165\065\147\072\151\202\217\360}{chapter.1}% 2
\BOOKMARK [1][-]{section.1.2}{\376\377\0001\000.\0002\000\040\170\301\140\254\155\156\217\164\142\177\170\024\172\166\163\260\162\266}{chapter.1}% 3
\BOOKMARK [1][-]{section.1.3}{\376\377\0001\000.\0003\000\040\170\301\140\254\155\156\217\164\142\177\143\057\122\250\142\221\122\066\142\200\147\057\170\024\172\166\163\260\162\266}{chapter.1}% 4
\BOOKMARK [1][-]{section.1.4}{\376\377\0001\000.\0004\000\040\147\054\145\207\166\204\170\024\172\166\135\345\117\134\124\214\133\211\143\222}{chapter.1}% 5
\BOOKMARK [0][-]{chapter.2}{\376\377\173\054\116\214\172\340\000\040\000\040\170\301\140\254\155\156\174\373\176\337\124\214\143\057\122\250\152\041\127\213}{}% 6
\BOOKMARK [1][-]{section.2.1}{\376\377\0002\000.\0001\000\040\170\301\140\254\155\156\174\373\176\337\135\345\117\134\123\237\164\006}{chapter.2}% 7
\BOOKMARK [1][-]{section.2.2}{\376\377\0002\000.\0002\000\040\170\301\140\254\155\156\217\154\133\120\122\250\122\233\133\146\152\041\127\213}{chapter.2}% 8
\BOOKMARK [1][-]{section.2.3}{\376\377\0002\000.\0003\000\040\170\301\140\254\155\156\174\373\176\337\143\057\122\250\152\041\127\213}{chapter.2}% 9
\BOOKMARK [2][-]{subsection.2.3.1}{\376\377\0002\000.\0003\000.\0001\000\040\217\154\133\120\215\050\221\317\116\015\136\163\210\141}{section.2.3}% 10
\BOOKMARK [2][-]{subsection.2.3.2}{\376\377\0002\000.\0003\000.\0002\000\040\117\115\171\373\117\040\141\037\126\150\213\357\135\356}{section.2.3}% 11
\BOOKMARK [1][-]{section.2.4}{\376\377\0002\000.\0004\000\040\147\054\172\340\134\017\176\323}{chapter.2}% 12
\BOOKMARK [0][-]{chapter.3}{\376\377\173\054\116\011\172\340\000\040\000\040\127\372\116\216\221\315\131\015\143\247\122\066\126\150\166\204\116\073\122\250\143\057\122\250\142\221\122\066\145\271\154\325}{}% 13
\BOOKMARK [1][-]{section.3.1}{\376\377\0003\000.\0001\000\040\117\040\176\337\145\164\145\160\153\041\221\315\131\015\143\247\122\066\126\150}{chapter.3}% 14
\BOOKMARK [2][-]{subsection.3.1.1}{\376\377\0003\000.\0001\000.\0001\000\040\135\345\117\134\123\237\164\006}{section.3.1}% 15
\BOOKMARK [2][-]{subsection.3.1.2}{\376\377\0003\000.\0001\000.\0002\000\040\172\063\133\232\140\047\122\006\147\220}{section.3.1}% 16
\BOOKMARK [1][-]{section.3.2}{\376\377\0003\000.\0002\000\040\226\366\166\370\171\373\131\107\145\160\153\041\221\315\131\015\143\247\122\066\126\150}{chapter.3}% 17
\BOOKMARK [2][-]{subsection.3.2.1}{\376\377\0003\000.\0002\000.\0001\000\040\135\345\117\134\123\237\164\006}{section.3.2}% 18
\BOOKMARK [2][-]{subsection.3.2.2}{\376\377\0003\000.\0002\000.\0002\000\040\172\063\133\232\140\047\122\006\147\220}{section.3.2}% 19
\BOOKMARK [2][-]{subsection.3.2.3}{\376\377\0003\000.\0002\000.\0003\000\040\226\366\166\370\171\373\117\116\220\032\156\344\154\342\126\150\213\276\213\241}{section.3.2}% 20
\BOOKMARK [2][-]{subsection.3.2.4}{\376\377\0003\000.\0002\000.\0004\000\040\166\370\117\115\210\145\120\177\126\150\213\276\213\241}{section.3.2}% 21
\BOOKMARK [1][-]{section.3.3}{\376\377\0003\000.\0003\000\040\116\377\167\037\116\016\133\236\232\214\122\006\147\220}{chapter.3}% 22
\BOOKMARK [1][-]{section.3.4}{\376\377\0003\000.\0004\000\040\147\054\172\340\134\017\176\323}{chapter.3}% 23
\BOOKMARK [0][-]{chapter.4}{\376\377\173\054\126\333\172\340\000\040\000\040\127\372\116\216\221\315\131\015\143\247\122\066\126\150\166\204\163\260\127\072\122\250\136\163\210\141\145\271\154\325}{}% 24
\BOOKMARK [1][-]{section.4.1}{\376\377\0004\000.\0001\000\040\227\000\213\325\221\315\166\204\163\260\127\072\122\250\136\163\210\141\145\271\154\325}{chapter.4}% 25
\BOOKMARK [2][-]{subsection.4.1.1}{\376\377\0004\000.\0001\000.\0001\000\040\137\161\124\315\174\373\145\160\154\325}{section.4.1}% 26
\BOOKMARK [2][-]{subsection.4.1.2}{\376\377\0004\000.\0001\000.\0002\000\040\145\071\217\333\166\204\137\161\124\315\174\373\145\160\154\325}{section.4.1}% 27
\BOOKMARK [1][-]{section.4.2}{\376\377\0004\000.\0002\000\040\145\340\227\000\213\325\221\315\166\204\163\260\127\072\122\250\136\163\210\141\145\271\154\325}{chapter.4}% 28
\BOOKMARK [2][-]{subsection.4.2.1}{\376\377\0004\000.\0002\000.\0001\000\040\226\366\117\115\171\373\154\325\217\250\213\306\217\154\133\120\120\117\137\303\215\050\221\317\122\006\136\003}{section.4.2}% 29
\BOOKMARK [2][-]{subsection.4.2.2}{\376\377\0004\000.\0002\000.\0002\000\040\226\366\122\233\154\325\217\250\213\306\217\154\133\120\120\117\137\303\215\050\221\317\122\006\136\003}{section.4.2}% 30
\BOOKMARK [2][-]{subsection.4.2.3}{\376\377\0004\000.\0002\000.\0003\000\040\226\366\165\065\155\101\154\325\217\250\213\306\217\154\133\120\120\117\137\303\215\050\221\317\122\006\136\003}{section.4.2}% 31
\BOOKMARK [1][-]{section.4.3}{\376\377\0004\000.\0003\000\040\127\372\116\216\221\315\131\015\143\247\122\066\126\150\166\204\163\260\127\072\122\250\136\163\210\141\145\271\154\325}{chapter.4}% 32
\BOOKMARK [2][-]{subsection.4.3.1}{\376\377\0004\000.\0003\000.\0001\000\040\226\366\165\065\155\101\143\247\122\066}{section.4.3}% 33
\BOOKMARK [2][-]{subsection.4.3.2}{\376\377\0004\000.\0003\000.\0002\000\040\217\250\213\306\116\015\136\163\210\141\215\050\221\317}{section.4.3}% 34
\BOOKMARK [2][-]{subsection.4.3.3}{\376\377\0004\000.\0003\000.\0003\000\040\213\241\173\227\150\041\153\143\215\050\221\317}{section.4.3}% 35
\BOOKMARK [1][-]{section.4.4}{\376\377\0004\000.\0004\000\040\133\236\232\214\122\006\147\220}{chapter.4}% 36
\BOOKMARK [1][-]{section.4.5}{\376\377\0004\000.\0005\000\040\147\054\172\340\134\017\176\323}{chapter.4}% 37
\BOOKMARK [0][-]{chapter.5}{\376\377\173\054\116\224\172\340\000\040\000\040\170\301\140\254\155\156\217\164\142\177\145\160\133\127\143\247\122\066\136\163\123\360\166\204\133\236\232\214\170\024\172\166}{}% 38
\BOOKMARK [1][-]{section.5.1}{\376\377\0005\000.\0001\000\040\170\154\116\366\213\276\213\241}{chapter.5}% 39
\BOOKMARK [1][-]{section.5.2}{\376\377\0005\000.\0002\000\040\217\157\116\366\213\276\213\241}{chapter.5}% 40
\BOOKMARK [2][-]{subsection.5.2.1}{\376\377\0005\000.\0002\000.\0001\000\040\133\236\145\366\143\247\122\066\172\013\136\217}{section.5.2}% 41
\BOOKMARK [2][-]{subsection.5.2.2}{\376\377\0005\000.\0002\000.\0002\000\040\165\050\142\067\116\244\116\222\172\013\136\217}{section.5.2}% 42
\BOOKMARK [1][-]{section.5.3}{\376\377\0005\000.\0003\000\040\170\301\140\254\155\156\217\164\142\177\217\223\121\372\145\117\141\037\136\246\155\113\133\232\133\236\232\214}{chapter.5}% 43
\BOOKMARK [1][-]{section.5.4}{\376\377\0005\000.\0004\000\040\147\054\172\340\134\017\176\323}{chapter.5}% 44
\BOOKMARK [0][-]{chapter.6}{\376\377\173\054\121\155\172\340\000\040\000\040\140\073\176\323\116\016\134\125\147\033}{}% 45
\BOOKMARK [1][-]{section.6.1}{\376\377\0006\000.\0001\000\040\170\024\172\166\121\205\133\271\140\073\176\323}{chapter.6}% 46
\BOOKMARK [1][-]{section.6.2}{\376\377\0006\000.\0002\000\040\116\013\116\000\153\145\135\345\117\134\134\125\147\033}{chapter.6}% 47
\BOOKMARK [0][-]{section*.54}{\376\377\123\302\200\003\145\207\163\056}{}% 48
\BOOKMARK [0][-]{appendix*.56}{\376\377\201\364\214\042}{}% 49
\BOOKMARK [0][-]{appendix*.57}{\376\377\127\050\133\146\147\037\225\364\166\204\170\024\172\166\142\020\147\234\123\312\133\146\147\057\213\272\145\207\140\305\121\265}{}% 50
\BOOKMARK [0][-]{appendix*.58}{\376\377\213\272\145\207\117\356\213\242\213\260\137\125\377\010\153\143\137\017\162\110\122\040\226\144\377\011}{}% 51
