This is XeTeX, Version 3.14159265-2.6-0.99999 (TeX Live 2018/W32TeX) (preloaded format=xelatex 2018.11.22)  21 NOV 2019 17:19
entering extended mode
 restricted \write18 enabled.
 %&-line parsing enabled.
**demo.tex
(./demo.tex
LaTeX2e <2018-04-01> patch level 5
! Undefined control sequence.
l.1 \chapter
            {使用示例}
The control sequence at the end of the top line
of your error message was never \def'ed. If you have
misspelled it (e.g., `\hobx'), type `I' and the correct
spelling (e.g., `I\hbox'). Otherwise just continue,
and I'll forget about whatever was undefined.


! LaTeX Error: Missing \begin{document}.

See the LaTeX manual or LaTeX Companion for explanation.
Type  H <return>  for immediate help.
 ...                                              
                                                  
l.1 \chapter{使
              用示例}
You're in trouble here.  Try typing  <return>  to proceed.
If that doesn't work, type  X <return>  to quit.

Missing character: There is no 使 in font nullfont!
Missing character: There is no 用 in font nullfont!
Missing character: There is no 示 in font nullfont!
Missing character: There is no 例 in font nullfont!

Overfull \hbox (20.0pt too wide) in paragraph at lines 1--2
[] 
 []


! LaTeX Error: Missing \begin{document}.

See the LaTeX manual or LaTeX Companion for explanation.
Type  H <return>  for immediate help.
 ...                                              
                                                  
l.3 本
     章介绍一些常用的宏包的常用方法，希望能为读者写作时提供参考。
You're in trouble here.  Try typing  <return>  to proceed.
If that doesn't work, type  X <return>  to quit.

Missing character: There is no 本 in font nullfont!
Missing character: There is no 章 in font nullfont!
Missing character: There is no 介 in font nullfont!
Missing character: There is no 绍 in font nullfont!
Missing character: There is no 一 in font nullfont!
Missing character: There is no 些 in font nullfont!
Missing character: There is no 常 in font nullfont!
Missing character: There is no 用 in font nullfont!
Missing character: There is no 的 in font nullfont!
Missing character: There is no 宏 in font nullfont!
Missing character: There is no 包 in font nullfont!
Missing character: There is no 的 in font nullfont!
Missing character: There is no 常 in font nullfont!
Missing character: There is no 用 in font nullfont!
Missing character: There is no 方 in font nullfont!
Missing character: There is no 法 in font nullfont!
Missing character: There is no ， in font nullfont!
Missing character: There is no 希 in font nullfont!
Missing character: There is no 望 in font nullfont!
Missing character: There is no 能 in font nullfont!
Missing character: There is no 为 in font nullfont!
Missing character: There is no 读 in font nullfont!
Missing character: There is no 者 in font nullfont!
Missing character: There is no 写 in font nullfont!
Missing character: There is no 作 in font nullfont!
Missing character: There is no 时 in font nullfont!
Missing character: There is no 提 in font nullfont!
Missing character: There is no 供 in font nullfont!
Missing character: There is no 参 in font nullfont!
Missing character: There is no 考 in font nullfont!
Missing character: There is no 。 in font nullfont!

Overfull \hbox (20.0pt too wide) in paragraph at lines 3--4
[] 
 []

! Undefined control sequence.
l.5 \section
            {插图}
The control sequence at the end of the top line
of your error message was never \def'ed. If you have
misspelled it (e.g., `\hobx'), type `I' and the correct
spelling (e.g., `I\hbox'). Otherwise just continue,
and I'll forget about whatever was undefined.


! LaTeX Error: Missing \begin{document}.

See the LaTeX manual or LaTeX Companion for explanation.
Type  H <return>  for immediate help.
 ...                                              
                                                  
l.5 \section{插
              图}
You're in trouble here.  Try typing  <return>  to proceed.
If that doesn't work, type  X <return>  to quit.

Missing character: There is no 插 in font nullfont!
Missing character: There is no 图 in font nullfont!

Overfull \hbox (20.0pt too wide) in paragraph at lines 5--6
[] 
 []


! LaTeX Error: Missing \begin{document}.

See the LaTeX manual or LaTeX Companion for explanation.
Type  H <return>  for immediate help.
 ...                                              
                                                  
l.7 首
     先讨论一下插图的格式，在 \LaTeX{} 环境下，
You're in trouble here.  Try typing  <return>  to proceed.
If that doesn't work, type  X <return>  to quit.

Missing character: There is no 首 in font nullfont!
Missing character: There is no 先 in font nullfont!
Missing character: There is no 讨 in font nullfont!
Missing character: There is no 论 in font nullfont!
Missing character: There is no 一 in font nullfont!
Missing character: There is no 下 in font nullfont!
Missing character: There is no 插 in font nullfont!
Missing character: There is no 图 in font nullfont!
Missing character: There is no 的 in font nullfont!
Missing character: There is no 格 in font nullfont!
Missing character: There is no 式 in font nullfont!
Missing character: There is no ， in font nullfont!
Missing character: There is no 在 in font nullfont!
Missing character: There is no L in font nullfont!
Missing character: There is no T in font nullfont!
LaTeX Font Info:    External font `cmex10' loaded for size
(Font)              <7> on input line 7.
LaTeX Font Info:    External font `cmex10' loaded for size
(Font)              <5> on input line 7.
Missing character: There is no T in font nullfont!
Missing character: There is no E in font nullfont!
Missing character: There is no X in font nullfont!
Missing character: There is no 环 in font nullfont!
Missing character: There is no 境 in font nullfont!
Missing character: There is no 下 in font nullfont!
Missing character: There is no ， in font nullfont!

Overfull \hbox (20.0pt too wide) in paragraph at lines 7--8
[]
 []


Overfull \hbox (5.901pt too wide) in paragraph at lines 7--8
[][] 
 []

Missing character: There is no 推 in font nullfont!
Missing character: There is no 荐 in font nullfont!
Missing character: There is no 使 in font nullfont!
Missing character: There is no 用 in font nullfont!
Missing character: There is no 宏 in font nullfont!
Missing character: There is no 包 in font nullfont!
Missing character: There is no 来 in font nullfont!
Missing character: There is no 绘 in font nullfont!
Missing character: There is no 制 in font nullfont!
Missing character: There is no 插 in font nullfont!
Missing character: There is no 图 in font nullfont!
Missing character: There is no ， in font nullfont!
Missing character: There is no 如 in font nullfont!
! Undefined control sequence.
l.9 \item 推荐使用宏包来绘制插图，如 \pkg
                            {tikz}，它兼容所有 \LaTeX{} 环境，
The control sequence at the end of the top line
of your error message was never \def'ed. If you have
misspelled it (e.g., `\hobx'), type `I' and the correct
spelling (e.g., `I\hbox'). Otherwise just continue,
and I'll forget about whatever was undefined.

Missing character: There is no t in font nullfont!
Missing character: There is no i in font nullfont!
Missing character: There is no k in font nullfont!
Missing character: There is no z in font nullfont!
Missing character: There is no ， in font nullfont!
Missing character: There is no 它 in font nullfont!
Missing character: There is no 兼 in font nullfont!
Missing character: There is no 容 in font nullfont!
Missing character: There is no 所 in font nullfont!
Missing character: There is no 有 in font nullfont!
Missing character: There is no L in font nullfont!
Missing character: There is no T in font nullfont!
Missing character: There is no T in font nullfont!
Missing character: There is no E in font nullfont!
Missing character: There is no X in font nullfont!
Missing character: There is no 环 in font nullfont!
Missing character: There is no 境 in font nullfont!
Missing character: There is no ， in font nullfont!
Missing character: There is no 字 in font nullfont!
Missing character: There is no 体 in font nullfont!
Missing character: There is no 能 in font nullfont!
Missing character: There is no 与 in font nullfont!
Missing character: There is no 全 in font nullfont!
Missing character: There is no 文 in font nullfont!
Missing character: There is no 统 in font nullfont!
Missing character: There is no 一 in font nullfont!
Missing character: There is no ， in font nullfont!
Missing character: There is no 质 in font nullfont!
Missing character: There is no 量 in font nullfont!
Missing character: There is no 最 in font nullfont!
Missing character: There is no 佳 in font nullfont!
Missing character: There is no ， in font nullfont!
Missing character: There is no 但 in font nullfont!
Missing character: There is no 是 in font nullfont!
Missing character: There is no 需 in font nullfont!
Missing character: There is no 要 in font nullfont!
Missing character: There is no 的 in font nullfont!
Missing character: There is no 学 in font nullfont!
Missing character: There is no 习 in font nullfont!
Missing character: There is no 成 in font nullfont!
Missing character: There is no 本 in font nullfont!
Missing character: There is no 较 in font nullfont!
Missing character: There is no 大 in font nullfont!
Missing character: There is no 。 in font nullfont!
Missing character: There is no 请 in font nullfont!
Missing character: There is no 务 in font nullfont!
Missing character: There is no 必 in font nullfont!
Missing character: There is no 先 in font nullfont!
Missing character: There is no 阅 in font nullfont!
Missing character: There is no 读 in font nullfont!
! Undefined control sequence.
l.11 请务必先阅读 \pkg
                {tikz} 文档的第1章教程，
The control sequence at the end of the top line
of your error message was never \def'ed. If you have
misspelled it (e.g., `\hobx'), type `I' and the correct
spelling (e.g., `I\hbox'). Otherwise just continue,
and I'll forget about whatever was undefined.

Missing character: There is no t in font nullfont!
Missing character: There is no i in font nullfont!
Missing character: There is no k in font nullfont!
Missing character: There is no z in font nullfont!
Missing character: There is no 文 in font nullfont!
Missing character: There is no 档 in font nullfont!
Missing character: There is no 的 in font nullfont!
Missing character: There is no 第 in font nullfont!
Missing character: There is no 1 in font nullfont!
Missing character: There is no 章 in font nullfont!
Missing character: There is no 教 in font nullfont!
Missing character: There is no 程 in font nullfont!
Missing character: There is no ， in font nullfont!
Missing character: There is no 然 in font nullfont!
Missing character: There is no 后 in font nullfont!
Missing character: There is no 可 in font nullfont!
Missing character: There is no 以 in font nullfont!
Missing character: There is no 去 in font nullfont!
Missing character: There is no t in font nullfont!
Missing character: There is no e in font nullfont!
Missing character: There is no x in font nullfont!
Missing character: There is no a in font nullfont!
Missing character: There is no m in font nullfont!
Missing character: There is no p in font nullfont!
Missing character: There is no l in font nullfont!
Missing character: There is no e in font nullfont!
! Undefined control sequence.
\@footnotetext ...tins {\reset@font \footnotesize 
                                                  \interlinepenalty \interfo...
l.12 ...e\footnote{\url{http://texample.net/tikz}}
                                                   等网站上找类似的例子，
The control sequence at the end of the top line
of your error message was never \def'ed. If you have
misspelled it (e.g., `\hobx'), type `I' and the correct
spelling (e.g., `I\hbox'). Otherwise just continue,
and I'll forget about whatever was undefined.

! Undefined control sequence.
\@footnotetext ...}\color@begingroup \@makefntext 
                                                  {\rule \z@ \footnotesep \i...
l.12 ...e\footnote{\url{http://texample.net/tikz}}
                                                   等网站上找类似的例子，
The control sequence at the end of the top line
of your error message was never \def'ed. If you have
misspelled it (e.g., `\hobx'), type `I' and the correct
spelling (e.g., `I\hbox'). Otherwise just continue,
and I'll forget about whatever was undefined.

! Undefined control sequence.
<argument> \url 
                {http://texample.net/tikz}
l.12 ...e\footnote{\url{http://texample.net/tikz}}
                                                   等网站上找类似的例子，
The control sequence at the end of the top line
of your error message was never \def'ed. If you have
misspelled it (e.g., `\hobx'), type `I' and the correct
spelling (e.g., `I\hbox'). Otherwise just continue,
and I'll forget about whatever was undefined.


Overfull \hbox (109.18001pt too wide) in paragraph at lines 12--12
[][]\TU/lmr/m/n/10 http://texample.net/tikz| 
 []

Missing character: There is no 等 in font nullfont!
Missing character: There is no 网 in font nullfont!
Missing character: There is no 站 in font nullfont!
Missing character: There is no 上 in font nullfont!
Missing character: There is no 找 in font nullfont!
Missing character: There is no 类 in font nullfont!
Missing character: There is no 似 in font nullfont!
Missing character: There is no 的 in font nullfont!
Missing character: There is no 例 in font nullfont!
Missing character: There is no 子 in font nullfont!
Missing character: There is no ， in font nullfont!
Missing character: There is no 也 in font nullfont!
Missing character: There is no 可 in font nullfont!
Missing character: There is no 以 in font nullfont!
Missing character: There is no 使 in font nullfont!
Missing character: There is no 用 in font nullfont!
Missing character: There is no G in font nullfont!
Missing character: There is no e in font nullfont!
Missing character: There is no o in font nullfont!
Missing character: There is no G in font nullfont!
Missing character: There is no e in font nullfont!
Missing character: There is no b in font nullfont!
Missing character: There is no r in font nullfont!
Missing character: There is no a in font nullfont!
! Undefined control sequence.
\@footnotetext ...tins {\reset@font \footnotesize 
                                                  \interlinepenalty \interfo...
l.13 ...a\footnote{\url{https://www.geogebra.org}}
                                                   之类的工具来生成\TeX 代码，
The control sequence at the end of the top line
of your error message was never \def'ed. If you have
misspelled it (e.g., `\hobx'), type `I' and the correct
spelling (e.g., `I\hbox'). Otherwise just continue,
and I'll forget about whatever was undefined.

! Undefined control sequence.
\@footnotetext ...}\color@begingroup \@makefntext 
                                                  {\rule \z@ \footnotesep \i...
l.13 ...a\footnote{\url{https://www.geogebra.org}}
                                                   之类的工具来生成\TeX 代码，
The control sequence at the end of the top line
of your error message was never \def'ed. If you have
misspelled it (e.g., `\hobx'), type `I' and the correct
spelling (e.g., `I\hbox'). Otherwise just continue,
and I'll forget about whatever was undefined.

! Undefined control sequence.
<argument> \url 
                {https://www.geogebra.org}
l.13 ...a\footnote{\url{https://www.geogebra.org}}
                                                   之类的工具来生成\TeX 代码，
The control sequence at the end of the top line
of your error message was never \def'ed. If you have
misspelled it (e.g., `\hobx'), type `I' and the correct
spelling (e.g., `I\hbox'). Otherwise just continue,
and I'll forget about whatever was undefined.


Overfull \hbox (114.84pt too wide) in paragraph at lines 13--13
[][]\TU/lmr/m/n/10 https://www.geogebra.org| 
 []

Missing character: There is no 之 in font nullfont!
Missing character: There is no 类 in font nullfont!
Missing character: There is no 的 in font nullfont!
Missing character: There is no 工 in font nullfont!
Missing character: There is no 具 in font nullfont!
Missing character: There is no 来 in font nullfont!
Missing character: There is no 生 in font nullfont!
Missing character: There is no 成 in font nullfont!
Missing character: There is no T in font nullfont!
Missing character: There is no E in font nullfont!
Missing character: There is no X in font nullfont!
Missing character: There is no 代 in font nullfont!
Missing character: There is no 码 in font nullfont!
Missing character: There is no ， in font nullfont!
Missing character: There is no 效 in font nullfont!
Missing character: There is no 果 in font nullfont!
Missing character: There is no 可 in font nullfont!
Missing character: There is no 以 in font nullfont!
Missing character: There is no 参 in font nullfont!
Missing character: There is no 见 in font nullfont!
! Undefined control sequence.
l.14 效果可以参见\autoref
                   {fig:tikzrot}；
The control sequence at the end of the top line
of your error message was never \def'ed. If you have
misspelled it (e.g., `\hobx'), type `I' and the correct
spelling (e.g., `I\hbox'). Otherwise just continue,
and I'll forget about whatever was undefined.

Missing character: There is no f in font nullfont!
Missing character: There is no i in font nullfont!
Missing character: There is no g in font nullfont!
Missing character: There is no : in font nullfont!
Missing character: There is no t in font nullfont!
Missing character: There is no i in font nullfont!
Missing character: There is no k in font nullfont!
Missing character: There is no z in font nullfont!
Missing character: There is no r in font nullfont!
Missing character: There is no o in font nullfont!
Missing character: There is no t in font nullfont!
Missing character: There is no ； in font nullfont!

Overfull \hbox (5.901pt too wide) in paragraph at lines 9--15
[][]
 []


Overfull \hbox (4.483pt too wide) in paragraph at lines 9--15
[]
 []


Overfull \hbox (4.483pt too wide) in paragraph at lines 9--15
[]
 []

Missing character: There is no 其 in font nullfont!
Missing character: There is no 次 in font nullfont!
Missing character: There is no 推 in font nullfont!
Missing character: There is no 荐 in font nullfont!
Missing character: There is no 使 in font nullfont!
Missing character: There is no 用 in font nullfont!
Missing character: There is no 其 in font nullfont!
Missing character: There is no 他 in font nullfont!
Missing character: There is no 绘 in font nullfont!
Missing character: There is no 图 in font nullfont!
Missing character: There is no 工 in font nullfont!
Missing character: There is no 具 in font nullfont!
Missing character: There is no 生 in font nullfont!
Missing character: There is no 成 in font nullfont!
Missing character: There is no 的 in font nullfont!
Missing character: There is no 、 in font nullfont!
Missing character: There is no 格 in font nullfont!
Missing character: There is no 式 in font nullfont!
Missing character: There is no 的 in font nullfont!
Missing character: There is no 矢 in font nullfont!
Missing character: There is no 量 in font nullfont!
Missing character: There is no 图 in font nullfont!
Missing character: There is no ， in font nullfont!
Missing character: There is no 格 in font nullfont!
Missing character: There is no 式 in font nullfont!
Missing character: There is no 可 in font nullfont!
Missing character: There is no 以 in font nullfont!
Missing character: There is no 通 in font nullfont!
Missing character: There is no 过 in font nullfont!
Missing character: There is no i in font nullfont!
Missing character: There is no n in font nullfont!
Missing character: There is no k in font nullfont!
Missing character: There is no s in font nullfont!
Missing character: There is no c in font nullfont!
Missing character: There is no a in font nullfont!
Missing character: There is no p in font nullfont!
Missing character: There is no e in font nullfont!
Missing character: There is no 软 in font nullfont!
Missing character: There is no 件 in font nullfont!
Missing character: There is no 转 in font nullfont!
Missing character: There is no 换 in font nullfont!
Missing character: There is no 成 in font nullfont!
Missing character: There is no 带 in font nullfont!
Missing character: There is no T in font nullfont!
Missing character: There is no E in font nullfont!
Missing character: There is no X in font nullfont!
Missing character: There is no 文 in font nullfont!
Missing character: There is no 本 in font nullfont!
Missing character: There is no 代 in font nullfont!
Missing character: There is no 码 in font nullfont!
Missing character: There is no 的 in font nullfont!
Missing character: There is no 。 in font nullfont!
Missing character: There is no 效 in font nullfont!
Missing character: There is no 果 in font nullfont!
Missing character: There is no 可 in font nullfont!
Missing character: There is no 以 in font nullfont!
Missing character: There is no 参 in font nullfont!
Missing character: There is no 见 in font nullfont!
! Undefined control sequence.
l.16 ...转换成带 \TeX{}文本代码的 \verb|PDF|。效果可以参见\autoref
                                                  {fig:logo}；
The control sequence at the end of the top line
of your error message was never \def'ed. If you have
misspelled it (e.g., `\hobx'), type `I' and the correct
spelling (e.g., `I\hbox'). Otherwise just continue,
and I'll forget about whatever was undefined.

Missing character: There is no f in font nullfont!
Missing character: There is no i in font nullfont!
Missing character: There is no g in font nullfont!
Missing character: There is no : in font nullfont!
Missing character: There is no l in font nullfont!
Missing character: There is no o in font nullfont!
Missing character: There is no g in font nullfont!
Missing character: There is no o in font nullfont!
Missing character: There is no ； in font nullfont!

Overfull \hbox (15.75pt too wide) in paragraph at lines 15--17
[][]\TU/lmtt/m/n/10 PDF[]
 []


Overfull \hbox (15.75pt too wide) in paragraph at lines 15--17
[][]\TU/lmtt/m/n/10 EPS
 []


Overfull \hbox (15.75pt too wide) in paragraph at lines 15--17
[][]\TU/lmtt/m/n/10 svg
 []


Overfull \hbox (15.75pt too wide) in paragraph at lines 15--17
[][]\TU/lmtt/m/n/10 PDF[] 
 []

Missing character: There is no 当 in font nullfont!
Missing character: There is no 然 in font nullfont!
Missing character: There is no ， in font nullfont!
Missing character: There is no 、 in font nullfont!
Missing character: There is no 之 in font nullfont!
Missing character: There is no 类 in font nullfont!
Missing character: There is no 的 in font nullfont!
Missing character: There is no 位 in font nullfont!
Missing character: There is no 图 in font nullfont!
Missing character: There is no 格 in font nullfont!
Missing character: There is no 式 in font nullfont!
Missing character: There is no 也 in font nullfont!
Missing character: There is no 能 in font nullfont!
Missing character: There is no 做 in font nullfont!
Missing character: There is no 插 in font nullfont!
Missing character: There is no 图 in font nullfont!
Missing character: There is no ； in font nullfont!

Overfull \hbox (15.75pt too wide) in paragraph at lines 17--18
[][]\TU/lmtt/m/n/10 PNG[]
 []


Overfull \hbox (21.0pt too wide) in paragraph at lines 17--18
[][]\TU/lmtt/m/n/10 jpeg
 []

Missing character: There is no 最 in font nullfont!
Missing character: There is no 后 in font nullfont!
Missing character: There is no ， in font nullfont!
Missing character: There is no 不 in font nullfont!
Missing character: There is no 要 in font nullfont!
Missing character: There is no 忘 in font nullfont!
Missing character: There is no 记 in font nullfont!
Missing character: There is no 论 in font nullfont!
Missing character: There is no 文 in font nullfont!
Missing character: There is no 是 in font nullfont!
Missing character: There is no 单 in font [lmroman10-bold]:mapping=tex-text;!
Missing character: There is no 色 in font [lmroman10-bold]:mapping=tex-text;!
Missing character: There is no 印 in font [lmroman10-bold]:mapping=tex-text;!
Missing character: There is no 刷 in font [lmroman10-bold]:mapping=tex-text;!
Missing character: There is no 的 in font nullfont!
Missing character: There is no ， in font nullfont!
Missing character: There is no 请 in font nullfont!
Missing character: There is no 确 in font nullfont!
Missing character: There is no 保 in font nullfont!
Missing character: There is no 插 in font nullfont!
Missing character: There is no 图 in font nullfont!
Missing character: There is no 在 in font nullfont!
Missing character: There is no 黑 in font nullfont!
Missing character: There is no 白 in font nullfont!
Missing character: There is no 打 in font nullfont!
Missing character: There is no 印 in font nullfont!
Missing character: There is no 的 in font nullfont!
Missing character: There is no 情 in font nullfont!
Missing character: There is no 况 in font nullfont!
Missing character: There is no 下 in font nullfont!
Missing character: There is no 的 in font nullfont!
Missing character: There is no 清 in font nullfont!
Missing character: There is no 晰 in font nullfont!
Missing character: There is no 度 in font nullfont!
Missing character: There is no 。 in font nullfont!

Overfull \hbox (11.2pt too wide) in paragraph at lines 18--19
\TU/lmr/bx/n/10 单色印刷 
 []


! LaTeX Error: Environment figure undefined.

See the LaTeX manual or LaTeX Companion for explanation.
Type  H <return>  for immediate help.
 ...                                              
                                                  
l.21 \begin{figure}
                   [htb]
Your command was ignored.
Type  I <command> <return>  to replace it with another command,
or  <return>  to continue without it.

Missing character: There is no [ in font nullfont!
Missing character: There is no h in font nullfont!
Missing character: There is no t in font nullfont!
Missing character: There is no b in font nullfont!
Missing character: There is no ] in font nullfont!
\c@density=\count80

! LaTeX Error: File `fig/tikz_rot.tex' not found.

Type X to quit or <RETURN> to proceed,
or enter new name. (Default extension: tex)

Enter file name: 
! Emergency stop.
<read *> 
         
l.24   \input{fig/tikz_rot}
                           ^^M
*** (cannot \read from terminal in nonstop modes)

 
Here is how much of TeX's memory you used:
 28 strings out of 492956
 436 string characters out of 6128413
 64987 words of memory out of 5000000
 4134 multiletter control sequences out of 15000+600000
 3672 words of font info for 18 fonts, out of 8000000 for 9000
 1348 hyphenation exceptions out of 8191
 17i,5n,15p,108b,183s stack positions out of 5000i,500n,10000p,200000b,80000s
No pages of output.
